[debug] [2022-01-04T11:57:42.826Z] ----------------------------------------------------------------------
[debug] [2022-01-04T11:57:42.831Z] Command:       C:\Program Files\nodejs\node.exe C:\Users\LENOVO\AppData\Roaming\npm\node_modules\firebase-tools\lib\bin\firebase.js deploy
[debug] [2022-01-04T11:57:42.832Z] CLI Version:   9.21.0
[debug] [2022-01-04T11:57:42.832Z] Platform:      win32
[debug] [2022-01-04T11:57:42.832Z] Node Version:  v16.13.0
[debug] [2022-01-04T11:57:42.833Z] Time:          Tue Jan 04 2022 17:57:42 GMT+0600 (Bangladesh Standard Time)
[debug] [2022-01-04T11:57:42.834Z] ----------------------------------------------------------------------
[debug] 
[debug] [2022-01-04T11:57:42.933Z] > command requires scopes: ["email","openid","https://www.googleapis.com/auth/cloudplatformprojects.readonly","https://www.googleapis.com/auth/firebase","https://www.googleapis.com/auth/cloud-platform"]
[debug] [2022-01-04T11:57:42.934Z] > authorizing via signed-in user (prantaacharjee647@gmail.com)
[debug] [2022-01-04T11:57:42.934Z] [iam] checking project baby-walker for permissions ["firebase.projects.get","firebasehosting.sites.update"]
[debug] [2022-01-04T11:57:42.939Z] >>> HTTP REQUEST POST https://cloudresourcemanager.googleapis.com/v1/projects/baby-walker:testIamPermissions  
 {"permissions":["firebase.projects.get","firebasehosting.sites.update"]}
[debug] [2022-01-04T11:57:44.758Z] <<< HTTP RESPONSE 200 {"content-type":"application/json; charset=UTF-8","vary":"X-Origin, Referer, Origin,Accept-Encoding","date":"Tue, 04 Jan 2022 11:57:44 GMT","server":"ESF","cache-control":"private","x-xss-protection":"0","x-frame-options":"SAMEORIGIN","x-content-type-options":"nosniff","server-timing":"gfet4t7; dur=1149","alt-svc":"h3=\":443\"; ma=2592000,h3-29=\":443\"; ma=2592000,h3-Q050=\":443\"; ma=2592000,h3-Q046=\":443\"; ma=2592000,h3-Q043=\":443\"; ma=2592000,quic=\":443\"; ma=2592000; v=\"46,43\"","accept-ranges":"none","transfer-encoding":"chunked"}
[debug] [2022-01-04T11:57:44.767Z] > refreshing access token with scopes: []
[debug] [2022-01-04T11:57:44.768Z] >>> HTTP REQUEST POST https://www.googleapis.com/oauth2/v3/token  
 <request body omitted>
[debug] [2022-01-04T11:58:01.145Z] <<< HTTP RESPONSE 200 {"expires":"Mon, 01 Jan 1990 00:00:00 GMT","pragma":"no-cache","date":"Tue, 04 Jan 2022 11:58:00 GMT","cache-control":"no-cache, no-store, max-age=0, must-revalidate","content-type":"application/json; charset=utf-8","vary":"X-Origin, Referer, Origin,Accept-Encoding","server":"scaffolding on HTTPServer2","x-xss-protection":"0","x-frame-options":"SAMEORIGIN","x-content-type-options":"nosniff","alt-svc":"h3=\":443\"; ma=2592000,h3-29=\":443\"; ma=2592000,h3-Q050=\":443\"; ma=2592000,h3-Q046=\":443\"; ma=2592000,h3-Q043=\":443\"; ma=2592000,quic=\":443\"; ma=2592000; v=\"46,43\"","accept-ranges":"none","transfer-encoding":"chunked"}
[debug] [2022-01-04T11:58:01.243Z] >>> [apiv2][query] GET https://firebase.googleapis.com/v1beta1/projects/baby-walker [none]
[debug] [2022-01-04T11:58:22.499Z] Failed to make request to https://firebase.googleapis.com/v1beta1/projects/baby-walker
[debug] [2022-01-04T11:58:39.425Z] FirebaseError: Failed to make request to https://firebase.googleapis.com/v1beta1/projects/baby-walker
    at Client.doRequest (C:\Users\LENOVO\AppData\Roaming\npm\node_modules\firebase-tools\lib\apiv2.js:213:19)
    at processTicksAndRejections (node:internal/process/task_queues:96:5)
    at async Client.request (C:\Users\LENOVO\AppData\Roaming\npm\node_modules\firebase-tools\lib\apiv2.js:96:20)
    at async Object.getFirebaseProject (C:\Users\LENOVO\AppData\Roaming\npm\node_modules\firebase-tools\lib\management\projects.js:290:21)
    at async Object.getDefaultHostingSite (C:\Users\LENOVO\AppData\Roaming\npm\node_modules\firebase-tools\lib\getDefaultHostingSite.js:8:21)
    at async requireHostingSite (C:\Users\LENOVO\AppData\Roaming\npm\node_modules\firebase-tools\lib\requireHostingSite.js:9:18)
    at async Object.fn (C:\Users\LENOVO\AppData\Roaming\npm\node_modules\firebase-tools\lib\commands\deploy.js:65:9)
    at async C:\Users\LENOVO\AppData\Roaming\npm\node_modules\firebase-tools\lib\command.js:188:17
[error] 
[error] Error: Failed to get Firebase project baby-walker. Please make sure the project exists and your account has permission to access it.
